<?xml version="1.0" encoding="utf-8" standalone="no"?>
<!--This file represents the results of running a test suite-->
<test-results name="F:\项目\知识管理\trunk\tools\NUnit-2.5.7.10213\bin\net-2.0\tests\nunit.framework.tests.dll" total="1176" errors="1" failures="0" not-run="0" inconclusive="0" ignored="0" skipped="0" invalid="0" date="2010-08-05" time="00:21:12">
  <environment nunit-version="2.5.7.10213" clr-version="2.0.50727.3603" os-version="Microsoft Windows NT 5.1.2600 Service Pack 3" platform="Win32NT" cwd="F:\项目\知识管理\trunk\tools\NUnit-2.5.7.10213\bin\net-2.0\tests" machine-name="JZP" user="Administrator" user-domain="JZP" />
  <culture-info current-culture="zh-CN" current-uiculture="zh-CN" />
  <test-suite type="Assembly" name="F:\项目\知识管理\trunk\tools\NUnit-2.5.7.10213\bin\net-2.0\tests\nunit.framework.tests.dll" executed="False" result="Cancelled">
    <results>
      <test-suite type="Namespace" name="NUnit" executed="False" result="Cancelled">
        <results>
          <test-suite type="Namespace" name="Framework" executed="False" result="Cancelled">
            <results>
              <test-suite type="Namespace" name="Constraints" executed="True" result="Success" success="True" time="8.563" asserts="0">
                <results>
                  <test-suite type="TestFixture" name="AfterConstraintTest" executed="True" result="Success" success="True" time="6.250" asserts="0">
                    <results>
                      <test-case name="NUnit.Framework.Constraints.AfterConstraintTest.ConstraintTestBaseNoData.ProvidesProperDescription" executed="True" result="Success" success="True" time="0.016" asserts="1" />
                      <test-case name="NUnit.Framework.Constraints.AfterConstraintTest.ConstraintTestBaseNoData.ProvidesProperStringRepresentation" executed="True" result="Success" success="True" time="0.000" asserts="1" />
                      <test-suite type="ParameterizedTest" name="FailsWithBadDelegates" executed="True" result="Success" success="True" time="1.000" asserts="0">
                        <results>
                          <test-case name="NUnit.Framework.Constraints.AfterConstraintTest.FailsWithBadDelegates(NUnit.Framework.Constraints.ActualValueDelegate)" executed="True" result="Success" success="True" time="0.500" asserts="1" />
                          <test-case name="NUnit.Framework.Constraints.AfterConstraintTest.FailsWithBadDelegates(NUnit.Framework.Constraints.ActualValueDelegate)" executed="True" result="Success" success="True" time="0.500" asserts="1" />
                        </results>
                      </test-suite>
                      <test-suite type="ParameterizedTest" name="FailsWithBadValues" executed="True" result="Success" success="True" time="1.500" asserts="0">
                        <results>
                          <test-case name="NUnit.Framework.Constraints.AfterConstraintTest.FailsWithBadValues(False)" executed="True" result="Success" success="True" time="0.500" asserts="1" />
                          <test-case name="NUnit.Framework.Constraints.AfterConstraintTest.FailsWithBadValues(0)" executed="True" result="Success" success="True" time="0.500" asserts="1" />
                          <test-case name="NUnit.Framework.Constraints.AfterConstraintTest.FailsWithBadValues(null)" executed="True" result="Success" success="True" time="0.500" asserts="1" />
                        </results>
                      </test-suite>
                      <test-suite type="ParameterizedTest" name="ProvidesProperFailureMessage" executed="True" result="Success" success="True" time="1.516" asserts="0">
                        <results>
                          <test-case name="NUnit.Framework.Constraints.AfterConstraintTest.ProvidesProperFailureMessage(False,&quot;False&quot;)" executed="True" result="Success" success="True" time="0.500" asserts="1" />
                          <test-case name="NUnit.Framework.Constraints.AfterConstraintTest.ProvidesProperFailureMessage(0,&quot;0&quot;)" executed="True" result="Success" success="True" time="0.500" asserts="1" />
                          <test-case name="NUnit.Framework.Constraints.AfterConstraintTest.ProvidesProperFailureMessage(null,&quot;null&quot;)" executed="True" result="Success" success="True" time="0.500" asserts="1" />
                        </results>
                      </test-suite>
                      <test-case name="NUnit.Framework.Constraints.AfterConstraintTest.SimpleTest" executed="True" result="Success" success="True" time="0.594" asserts="1" />
                      <test-case name="NUnit.Framework.Constraints.AfterConstraintTest.SimpleTestUsingReference" executed="True" result="Success" success="True" time="0.609" asserts="1" />
                      <test-suite type="ParameterizedTest" name="SucceedsWithGoodDelegates" executed="True" result="Success" success="True" time="0.500" asserts="0">
                        <results>
                          <test-case name="NUnit.Framework.Constraints.AfterConstraintTest.SucceedsWithGoodDelegates(NUnit.Framework.Constraints.ActualValueDelegate)" executed="True" result="Success" success="True" time="0.500" asserts="1" />
                        </results>
                      </test-suite>
                      <test-suite type="ParameterizedTest" name="SucceedsWithGoodValues" executed="True" result="Success" success="True" time="0.500" asserts="0">
                        <results>
                          <test-case name="NUnit.Framework.Constraints.AfterConstraintTest.SucceedsWithGoodValues(True)" executed="True" result="Success" success="True" time="0.500" asserts="1" />
                        </results>
                      </test-suite>
                      <test-case name="NUnit.Framework.Constraints.AfterConstraintTest.ThatOverload_DoesNotAcceptNegativeDelayValues" executed="True" result="Success" success="True" time="0.016" asserts="0" />
                      <test-case name="NUnit.Framework.Constraints.AfterConstraintTest.ThatOverload_ZeroDelayIsAllowed" executed="True" result="Success" success="True" time="0.000" asserts="1" />
                    </results>
                  </test-suite>
                  <test-suite type="TestFixture" name="AllItemsTests" executed="True" result="Success" success="True" time="0.016" asserts="0">
                    <results>
                      <test-case name="NUnit.Framework.Constraints.AllItemsTests.AllItemsAreInRange" executed="True" result="Success" success="True" time="0.000" asserts="1" />
                      <test-case name="NUnit.Framework.Constraints.AllItemsTests.AllItemsAreInRange_UsingComparisonOfT" executed="True" result="Success" success="True" time="0.000" asserts="1" />
                      <test-case name="NUnit.Framework.Constraints.AllItemsTests.AllItemsAreInRange_UsingIComparer" executed="True" result="Success" success="True" time="0.000" asserts="1" />
                      <test-case name="NUnit.Framework.Constraints.AllItemsTests.AllItemsAreInRange_UsingIComparerOfT" executed="True" result="Success" success="True" time="0.000" asserts="1" />
                      <test-case name="NUnit.Framework.Constraints.AllItemsTests.AllItemsAreInRangeFailureMessage" executed="True" result="Success" success="True" time="0.016" asserts="2" />
                      <test-case name="NUnit.Framework.Constraints.AllItemsTests.AllItemsAreInstancesOfType" executed="True" result="Success" success="True" time="0.000" asserts="1" />
                      <test-case name="NUnit.Framework.Constraints.AllItemsTests.AllItemsAreInstancesOfTypeFailureMessage" executed="True" result="Success" success="True" time="0.000" asserts="2" />
                      <test-case name="NUnit.Framework.Constraints.AllItemsTests.AllItemsAreNotNull" executed="True" result="Success" success="True" time="0.000" asserts="1" />
                      <test-case name="NUnit.Framework.Constraints.AllItemsTests.AllItemsAreNotNullFails" executed="True" result="Success" success="True" time="0.000" asserts="2" />
                    </results>
                  </test-suite>
                  <test-suite type="TestFixture" name="AndTest" executed="True" result="Success" success="True" time="0.078" asserts="0">
                    <results>
                      <test-case name="NUnit.Framework.Constraints.AndTest.CanCombineTestsWithAndOperator" executed="True" result="Success" success="True" time="0.000" asserts="1" />
                      <test-case name="NUnit.Framework.Constraints.AndTest.ConstraintTestBaseNoData.ProvidesProperDescription" executed="True" result="Success" success="True" time="0.000" asserts="1" />
                      <test-case name="NUnit.Framework.Constraints.AndTest.ConstraintTestBaseNoData.ProvidesProperStringRepresentation" executed="True" result="Success" success="True" time="0.000" asserts="1" />
                      <test-suite type="ParameterizedTest" name="FailsWithBadValues" executed="True" result="Success" success="True" time="0.016" asserts="0">
                        <results>
                          <test-case name="NUnit.Framework.Constraints.AndTest.FailsWithBadValues(37)" executed="True" result="Success" success="True" time="0.000" asserts="1" />
                          <test-case name="NUnit.Framework.Constraints.AndTest.FailsWithBadValues(53)" executed="True" result="Success" success="True" time="0.000" asserts="1" />
                        </results>
                      </test-suite>
                      <test-suite type="ParameterizedTest" name="ProvidesProperFailureMessage" executed="True" result="Success" success="True" time="0.063" asserts="0">
                        <results>
                          <test-case name="NUnit.Framework.Constraints.AndTest.ProvidesProperFailureMessage(37,&quot;37&quot;)" executed="True" result="Success" success="True" time="0.000" asserts="1" />
                          <test-case name="NUnit.Framework.Constraints.AndTest.ProvidesProperFailureMessage(53,&quot;53&quot;)" executed="True" result="Success" success="True" time="0.000" asserts="1" />
                        </results>
                      </test-suite>
                      <test-suite type="ParameterizedTest" name="SucceedsWithGoodValues" executed="True" result="Success" success="True" time="0.000" asserts="0">
                        <results>
                          <test-case name="NUnit.Framework.Constraints.AndTest.SucceedsWithGoodValues(42)" executed="True" result="Success" success="True" time="0.000" asserts="1" />
                        </results>
                      </test-suite>
                    </results>
                  </test-suite>
                  <test-suite type="TestFixture" name="AssignableFromTest" executed="True" result="Success" success="True" time="0.000" asserts="0">
                    <results>
                      <test-case name="NUnit.Framework.Constraints.AssignableFromTest.ConstraintTestBaseNoData.ProvidesProperDescription" executed="True" result="Success" success="True" time="0.000" asserts="1" />
                      <test-case name="NUnit.Framework.Constraints.AssignableFromTest.ConstraintTestBaseNoData.ProvidesProperStringRepresentation" executed="True" result="Success" success="True" time="0.000" asserts="1" />
                      <test-suite type="ParameterizedTest" name="FailsWithBadValues" executed="True" result="Success" success="True" time="0.000" asserts="0">
                        <results>
                          <test-case name="NUnit.Framework.Constraints.AssignableFromTest.FailsWithBadValues(NUnit.Framework.Constraints.D2)" executed="True" result="Success" success="True" time="0.000" asserts="1" />
                        </results>
                      </test-suite>
                      <test-suite type="ParameterizedTest" name="ProvidesProperFailureMessage" executed="True" result="Success" success="True" time="0.000" asserts="0">
                        <results>
                          <test-case name="NUnit.Framework.Constraints.AssignableFromTest.ProvidesProperFailureMessage(NUnit.Framework.Constraints.D2,&quot;&lt;NUnit.Framework.Constraints.D2&gt;&quot;)" executed="True" result="Success" success="True" time="0.000" asserts="1" />
                        </results>
                      </test-suite>
                      <test-suite type="ParameterizedTest" name="SucceedsWithGoodValues" executed="True" result="Success" success="True" time="0.000" asserts="0">
                        <results>
                          <test-case name="NUnit.Framework.Constraints.AssignableFromTest.SucceedsWithGoodValues(NUnit.Framework.Constraints.D1)" executed="True" result="Success" success="True" time="0.000" asserts="1" />
                          <test-case name="NUnit.Framework.Constraints.AssignableFromTest.SucceedsWithGoodValues(NUnit.Framework.Constraints.B)" executed="True" result="Success" success="True" time="0.000" asserts="1" />
                        </results>
                      </test-suite>
                    </results>
                  </test-suite>
                  <test-suite type="TestFixture" name="AssignableToTest" executed="True" result="Success" success="True" time="0.000" asserts="0">
                    <results>
                      <test-case name="NUnit.Framework.Constraints.AssignableToTest.ConstraintTestBaseNoData.ProvidesProperDescription" executed="True" result="Success" success="True" time="0.000" asserts="1" />
                      <test-case name="NUnit.Framework.Constraints.AssignableToTest.ConstraintTestBaseNoData.ProvidesProperStringRepresentation" executed="True" result="Success" success="True" time="0.000" asserts="1" />
                      <test-suite type="ParameterizedTest" name="FailsWithBadValues" executed="True" result="Success" success="True" time="0.000" asserts="0">
                        <results>
                          <test-case name="NUnit.Framework.Constraints.AssignableToTest.FailsWithBadValues(NUnit.Framework.Constraints.B)" executed="True" result="Success" success="True" time="0.000" asserts="1" />
                        </results>
                      </test-suite>
                      <test-suite type="ParameterizedTest" name="ProvidesProperFailureMessage" executed="True" result="Success" success="True" time="0.000" asserts="0">
                        <results>
                          <test-case name="NUnit.Framework.Constraints.AssignableToTest.ProvidesProperFailureMessage(NUnit.Framework.Constraints.B,&quot;&lt;NUnit.Framework.Constraints.B&gt;&quot;)" executed="True" result="Success" success="True" time="0.000" asserts="1" />
                        </results>
                      </test-suite>
                      <test-suite type="ParameterizedTest" name="SucceedsWithGoodValues" executed="True" result="Success" success="True" time="0.000" asserts="0">
                        <results>
                          <test-case name="NUnit.Framework.Constraints.AssignableToTest.SucceedsWithGoodValues(NUnit.Framework.Constraints.D1)" executed="True" result="Success" success="True" time="0.000" asserts="1" />
                          <test-case name="NUnit.Framework.Constraints.AssignableToTest.SucceedsWithGoodValues(NUnit.Framework.Constraints.D2)" executed="True" result="Success" success="True" time="0.000" asserts="1" />
                        </results>
                      </test-suite>
                    </results>
                  </test-suite>
                  <test-suite type="TestFixture" name="AttributeExistsConstraintTest" executed="True" result="Success" success="True" time="0.047" asserts="0">
                    <results>
                      <test-case name="NUnit.Framework.Constraints.AttributeExistsConstraintTest.AttributeExistsOnMethodInfo" executed="True" result="Success" success="True" time="0.031" asserts="1" />
                      <test-case name="NUnit.Framework.Constraints.AttributeExistsConstraintTest.AttributeTestPropertyValueOnMethodInfo" description="my description" executed="True" result="Success" success="True" time="0.000" asserts="1" />
                      <test-case name="NUnit.Framework.Constraints.AttributeExistsConstraintTest.ConstraintTestBaseNoData.ProvidesProperDescription" executed="True" result="Success" success="True" time="0.000" asserts="1" />
                      <test-case name="NUnit.Framework.Constraints.AttributeExistsConstraintTest.ConstraintTestBaseNoData.ProvidesProperStringRepresentation" executed="True" result="Success" success="True" time="0.000" asserts="1" />
                      <test-suite type="ParameterizedTest" name="FailsWithBadValues" executed="True" result="Success" success="True" time="0.000" asserts="0">
                        <results>
                          <test-case name="NUnit.Framework.Constraints.AttributeExistsConstraintTest.FailsWithBadValues(NUnit.Framework.Constraints.D2)" executed="True" result="Success" success="True" time="0.000" asserts="1" />
                        </results>
                      </test-suite>
                      <test-case name="NUnit.Framework.Constraints.AttributeExistsConstraintTest.NonAttributeThrowsException" executed="True" result="Success" success="True" time="0.000" asserts="0" />
                      <test-suite type="ParameterizedTest" name="ProvidesProperFailureMessage" executed="True" result="Success" success="True" time="0.000" asserts="0">
                        <results>
                          <test-case name="NUnit.Framework.Constraints.AttributeExistsConstraintTest.ProvidesProperFailureMessage(NUnit.Framework.Constraints.D2,&quot;&lt;NUnit.Framework.Constraints.D2&gt;&quot;)" executed="True" result="Success" success="True" time="0.000" asserts="1" />
                        </results>
                      </test-suite>
                      <test-suite type="ParameterizedTest" name="SucceedsWithGoodValues" executed="True" result="Success" success="True" time="0.000" asserts="0">
                        <results>
                          <test-case name="NUnit.Framework.Constraints.AttributeExistsConstraintTest.SucceedsWithGoodValues(NUnit.Framework.Constraints.AttributeExistsConstraintTest)" executed="True" result="Success" success="True" time="0.000" asserts="1" />
                        </results>
                      </test-suite>
                    </results>
                  </test-suite>
                  <test-suite type="TestFixture" name="BinarySerializableTest" executed="True" result="Success" success="True" time="0.047" asserts="0">
                    <results>
                      <test-case name="NUnit.Framework.Constraints.BinarySerializableTest.ConstraintTestBaseNoData.ProvidesProperDescription" executed="True" result="Success" success="True" time="0.000" asserts="1" />
                      <test-case name="NUnit.Framework.Constraints.BinarySerializableTest.ConstraintTestBaseNoData.ProvidesProperStringRepresentation" executed="True" result="Success" success="True" time="0.000" asserts="1" />
                      <test-suite type="ParameterizedTest" name="FailsWithBadValues" executed="True" result="Success" success="True" time="0.031" asserts="0">
                        <results>
                          <test-case name="NUnit.Framework.Constraints.BinarySerializableTest.FailsWithBadValues(NUnit.Framework.Constraints.InternalClass)" executed="True" result="Success" success="True" time="0.031" asserts="1" />
                        </results>
                      </test-suite>
                      <test-suite type="ParameterizedTest" name="InvalidDataThrowsArgumentException" executed="True" result="Success" success="True" time="0.000" asserts="0">
                        <results>
                          <test-case name="NUnit.Framework.Constraints.BinarySerializableTest.InvalidDataThrowsArgumentException(null)" executed="True" result="Success" success="True" time="0.000" asserts="0" />
                        </results>
                      </test-suite>
                      <test-suite type="ParameterizedTest" name="ProvidesProperFailureMessage" executed="True" result="Success" success="True" time="0.000" asserts="0">
                        <results>
                          <test-case name="NUnit.Framework.Constraints.BinarySerializableTest.ProvidesProperFailureMessage(NUnit.Framework.Constraints.InternalClass,&quot;&lt;InternalClass&gt;&quot;)" executed="True" result="Success" success="True" time="0.000" asserts="1" />
                        </results>
                      </test-suite>
                      <test-suite type="ParameterizedTest" name="SucceedsWithGoodValues" executed="True" result="Success" success="True" time="0.000" asserts="0">
                        <results>
                          <test-case name="NUnit.Framework.Constraints.BinarySerializableTest.SucceedsWithGoodValues(1)" executed="True" result="Success" success="True" time="0.000" asserts="1" />
                          <test-case name="NUnit.Framework.Constraints.BinarySerializableTest.SucceedsWithGoodValues(&quot;a&quot;)" executed="True" result="Success" success="True" time="0.000" asserts="1" />
                          <test-case name="NUnit.Framework.Constraints.BinarySerializableTest.SucceedsWithGoodValues(System.Collections.ArrayList)" executed="True" result="Success" success="True" time="0.000" asserts="1" />
                          <test-case name="NUnit.Framework.Constraints.BinarySerializableTest.SucceedsWithGoodValues(NUnit.Framework.Constraints.InternalWithSerializableAttributeClass)" executed="True" result="Success" success="True" time="0.000" asserts="1" />
                        </results>
                      </test-suite>
                    </results>
                  </test-suite>
                  <test-suite type="TestFixture" name="CollectionContainsTests" executed="True" result="Success" success="True" time="0.016" asserts="0">
                    <results>
                      <test-case name="NUnit.Framework.Constraints.CollectionContainsTests.CanTestContentsOfArray" executed="True" result="Success" success="True" time="0.000" asserts="1" />
                      <test-case name="NUnit.Framework.Constraints.CollectionContainsTests.CanTestContentsOfArrayList" executed="True" result="Success" success="True" time="0.000" asserts="1" />
                      <test-case name="NUnit.Framework.Constraints.CollectionContainsTests.CanTestContentsOfCollectionNotImplementingIList" executed="True" result="Success" success="True" time="0.000" asserts="1" />
                      <test-case name="NUnit.Framework.Constraints.CollectionContainsTests.CanTestContentsOfSortedList" executed="True" result="Success" success="True" time="0.000" asserts="2" />
                      <test-case name="NUnit.Framework.Constraints.CollectionContainsTests.IgnoreCaseIsHonored" executed="True" result="Success" success="True" time="0.000" asserts="1" />
                    </results>
                  </test-suite>
                  <test-suite type="TestFixture" name="CollectionEquivalentTests" executed="True" result="Success" success="True" time="0.016" asserts="0">
                    <results>
                      <test-case name="NUnit.Framework.Constraints.CollectionEquivalentTests.EqualCollectionsAreEquivalent" executed="True" result="Success" success="True" time="0.000" asserts="1" />
                      <test-case name="NUnit.Framework.Constraints.CollectionEquivalentTests.EquivalentFailsWithDuplicateElementInActual" executed="True" result="Success" success="True" time="0.000" asserts="1" />
                      <test-case name="NUnit.Framework.Constraints.CollectionEquivalentTests.EquivalentFailsWithDuplicateElementInExpected" executed="True" result="Success" success="True" time="0.000" asserts="1" />
                      <test-case name="NUnit.Framework.Constraints.CollectionEquivalentTests.EquivalentHandlesNull" executed="True" result="Success" success="True" time="0.000" asserts="1" />
                      <test-case name="NUnit.Framework.Constraints.CollectionEquivalentTests.EquivalentHonorsIgnoreCase" executed="True" result="Success" success="True" time="0.000" asserts="1" />
                      <test-case name="NUnit.Framework.Constraints.CollectionEquivalentTests.EquivalentIgnoresOrder" executed="True" result="Success" success="True" time="0.000" asserts="1" />
                      <test-case name="NUnit.Framework.Constraints.CollectionEquivalentTests.WorksWithCollectionsOfArrays" executed="True" result="Success" success="True" time="0.000" asserts="2" />
                    </results>
                  </test-suite>
                  <test-suite type="TestFixture" name="CollectionOrderedTests" executed="True" result="Success" success="True" time="0.125" asserts="0">
                    <results>
                      <test-case name="NUnit.Framework.Constraints.CollectionOrderedTests.IsOrdered" executed="True" result="Success" success="True" time="0.000" asserts="1" />
                      <test-case name="NUnit.Framework.Constraints.CollectionOrderedTests.IsOrdered_2" executed="True" result="Success" success="True" time="0.000" asserts="1" />
                      <test-case name="NUnit.Framework.Constraints.CollectionOrderedTests.IsOrdered_Allows_adjacent_equal_values" executed="True" result="Success" success="True" time="0.000" asserts="1" />
                      <test-case name="NUnit.Framework.Constraints.CollectionOrderedTests.IsOrdered_AtLeastOneArgMustImplementIComparable" executed="True" result="Success" success="True" time="0.000" asserts="1" />
                      <test-case name="NUnit.Framework.Constraints.CollectionOrderedTests.IsOrdered_Fails" executed="True" result="Success" success="True" time="0.016" asserts="2" />
                      <test-case name="NUnit.Framework.Constraints.CollectionOrderedTests.IsOrdered_Handles_custom_comparison" executed="True" result="Success" success="True" time="0.000" asserts="2" />
                      <test-case name="NUnit.Framework.Constraints.CollectionOrderedTests.IsOrdered_Handles_custom_comparison2" executed="True" result="Success" success="True" time="0.000" asserts="2" />
                      <test-case name="NUnit.Framework.Constraints.CollectionOrderedTests.IsOrdered_Handles_null" executed="True" result="Success" success="True" time="0.000" asserts="1" />
                      <test-case name="NUnit.Framework.Constraints.CollectionOrderedTests.IsOrdered_TypesMustBeComparable" executed="True" result="Success" success="True" time="0.016" asserts="1" />
                      <test-case name="NUnit.Framework.Constraints.CollectionOrderedTests.IsOrderedBy" executed="True" result="Success" success="True" time="0.000" asserts="1" />
                      <test-case name="NUnit.Framework.Constraints.CollectionOrderedTests.IsOrderedBy_Comparer" executed="True" result="Success" success="True" time="0.000" asserts="1" />
                      <test-case name="NUnit.Framework.Constraints.CollectionOrderedTests.IsOrderedBy_Handles_heterogeneous_classes_as_long_as_the_property_is_of_same_type" executed="True" result="Success" success="True" time="0.000" asserts="1" />
                      <test-case name="NUnit.Framework.Constraints.CollectionOrderedTests.IsOrderedDescending" executed="True" result="Success" success="True" time="0.000" asserts="1" />
                      <test-case name="NUnit.Framework.Constraints.CollectionOrderedTests.IsOrderedDescending_2" executed="True" result="Success" success="True" time="0.000" asserts="1" />
                      <test-case name="NUnit.Framework.Constraints.CollectionOrderedTests.UsesProvidedComparerOfT" executed="True" result="Success" success="True" time="0.078" asserts="2" />
                      <test-case name="NUnit.Framework.Constraints.CollectionOrderedTests.UsesProvidedComparisonOfT" executed="True" result="Success" success="True" time="0.000" asserts="2" />
                    </results>
                  </test-suite>
                  <test-suite type="TestFixture" name="ComparerTests" executed="True" result="Success" success="True" time="0.031" asserts="0">
                    <results>
                      <test-suite type="ParameterizedTest" name="EqualItems" executed="True" result="Success" success="True" time="0.000" asserts="0">
                        <results>
                          <test-case name="NUnit.Framework.Constraints.ComparerTests.EqualItems(null,null)" executed="True" result="Success" success="True" time="0.000" asserts="3" />
                          <test-case name="NUnit.Framework.Constraints.ComparerTests.EqualItems(null,null)" executed="True" result="Success" success="True" time="0.000" asserts="3" />
                          <test-case name="NUnit.Framework.Constraints.ComparerTests.EqualItems(4.0f,4.0f)" executed="True" result="Success" success="True" time="0.000" asserts="3" />
                          <test-case name="NUnit.Framework.Constraints.ComparerTests.EqualItems(4,4.0d)" executed="True" result="Success" success="True" time="0.000" asserts="3" />
                          <test-case name="NUnit.Framework.Constraints.ComparerTests.EqualItems(4.0f,4)" executed="True" result="Success" success="True" time="0.000" asserts="3" />
                          <test-case name="NUnit.Framework.Constraints.ComparerTests.EqualItems(4.0f,4.0d)" executed="True" result="Success" success="True" time="0.000" asserts="3" />
                          <test-case name="NUnit.Framework.Constraints.ComparerTests.EqualItems(4,4.0f)" executed="True" result="Success" success="True" time="0.000" asserts="3" />
                          <test-case name="NUnit.Framework.Constraints.ComparerTests.EqualItems(4.0d,4)" executed="True" result="Success" success="True" time="0.000" asserts="3" />
                          <test-case name="NUnit.Framework.Constraints.ComparerTests.EqualItems(4.0d,4.0f)" executed="True" result="Success" success="True" time="0.000" asserts="3" />
                          <test-case name="NUnit.Framework.Constraints.ComparerTests.EqualItems(4,4)" executed="True" result="Success" success="True" time="0.000" asserts="3" />
                          <test-case name="NUnit.Framework.Constraints.ComparerTests.EqualItems(4.0d,4.0d)" executed="True" result="Success" success="True" time="0.000" asserts="3" />
                        </results>
                      </test-suite>
                      <test-suite type="ParameterizedTest" name="SpecialFloatingPointValues" executed="True" result="Success" success="True" time="0.000" asserts="0">
                        <results>
                          <test-case name="NUnit.Framework.Constraints.ComparerTests.SpecialFloatingPointValues(double.NaN)" executed="True" result="Success" success="True" time="0.000" asserts="2" />
                          <test-case name="NUnit.Framework.Constraints.ComparerTests.SpecialFloatingPointValues(double.PositiveInfinity)" executed="True" result="Success" success="True" time="0.000" asserts="2" />
                          <test-case name="NUnit.Framework.Constraints.ComparerTests.SpecialFloatingPointValues(double.NegativeInfinity)" executed="True" result="Success" success="True" time="0.000" asserts="2" />
                          <test-case name="NUnit.Framework.Constraints.ComparerTests.SpecialFloatingPointValues(float.NaN)" executed="True" result="Success" success="True" time="0.000" asserts="2" />
                          <test-case name="NUnit.Framework.Constraints.ComparerTests.SpecialFloatingPointValues(float.NegativeInfinity)" executed="True" result="Success" success="True" time="0.000" asserts="2" />
                          <test-case name="NUnit.Framework.Constraints.ComparerTests.SpecialFloatingPointValues(float.PositiveInfinity)" executed="True" result="Success" success="True" time="0.000" asserts="2" />
                        </results>
                      </test-suite>
                      <test-suite type="ParameterizedTest" name="UnequalItems" executed="True" result="Success" success="True" time="0.016" asserts="0">
                        <results>
                          <test-case name="NUnit.Framework.Constraints.ComparerTests.UnequalItems(4.0f,2.0f)" executed="True" result="Success" success="True" time="0.000" asserts="5" />
                          <test-case name="NUnit.Framework.Constraints.ComparerTests.UnequalItems(4,2)" executed="True" result="Success" success="True" time="0.000" asserts="5" />
                          <test-case name="NUnit.Framework.Constraints.ComparerTests.UnequalItems(4,2.0f)" executed="True" result="Success" success="True" time="0.000" asserts="5" />
                          <test-case name="NUnit.Framework.Constraints.ComparerTests.UnequalItems(4.0d,2)" executed="True" result="Success" success="True" time="0.000" asserts="5" />
                          <test-case name="NUnit.Framework.Constraints.ComparerTests.UnequalItems(4.0d,2.0f)" executed="True" result="Success" success="True" time="0.000" asserts="5" />
                          <test-case name="NUnit.Framework.Constraints.ComparerTests.UnequalItems(4.0f,2)" executed="True" result="Success" success="True" time="0.000" asserts="5" />
                          <test-case name="NUnit.Framework.Constraints.ComparerTests.UnequalItems(4.0f,2.0d)" executed="True" result="Success" success="True" time="0.000" asserts="5" />
                          <test-case name="NUnit.Framework.Constraints.ComparerTests.UnequalItems(4,null)" executed="True" result="Success" success="True" time="0.000" asserts="5" />
                          <test-case name="NUnit.Framework.Constraints.ComparerTests.UnequalItems(4,null)" executed="True" result="Success" success="True" time="0.000" asserts="5" />
                          <test-case name="NUnit.Framework.Constraints.ComparerTests.UnequalItems(4,2.0d)" executed="True" result="Success" success="True" time="0.000" asserts="5" />
                          <test-case name="NUnit.Framework.Constraints.ComparerTests.UnequalItems(4.0d,2.0d)" executed="True" result="Success" success="True" time="0.000" asserts="5" />
                        </results>
                      </test-suite>
                    </results>
                  </test-suite>
                  <test-suite type="TestFixture" name="EmptyConstraintTest" executed="True" result="Success" success="True" time="0.016" asserts="0">
                    <results>
                      <test-case name="NUnit.Framework.Constraints.EmptyConstraintTest.ConstraintTestBaseNoData.ProvidesProperDescription" executed="True" result="Success" success="True" time="0.000" asserts="1" />
                      <test-case name="NUnit.Framework.Constraints.EmptyConstraintTest.ConstraintTestBaseNoData.ProvidesProperStringRepresentation" executed="True" result="Success" success="True" time="0.000" asserts="1" />
                      <test-suite type="ParameterizedTest" name="FailsWithBadValues" executed="True" result="Success" success="True" time="0.000" asserts="0">
                        <results>
                          <test-case name="NUnit.Framework.Constraints.EmptyConstraintTest.FailsWithBadValues(&quot;Hello&quot;)" executed="True" result="Success" success="True" time="0.000" asserts="1" />
                          <test-case name="NUnit.Framework.Constraints.EmptyConstraintTest.FailsWithBadValues(System.Object[])" executed="True" result="Success" success="True" time="0.000" asserts="1" />
                        </results>
                      </test-suite>
                      <test-suite type="ParameterizedTest" name="InvalidDataThrowsArgumentException" executed="True" result="Success" success="True" time="0.000" asserts="0">
                        <results>
                          <test-case name="NUnit.Framework.Constraints.EmptyConstraintTest.InvalidDataThrowsArgumentException(null)" executed="True" result="Success" success="True" time="0.000" asserts="0" />
                          <test-case name="NUnit.Framework.Constraints.EmptyConstraintTest.InvalidDataThrowsArgumentException(5)" executed="True" result="Success" success="True" time="0.000" asserts="0" />
                        </results>
                      </test-suite>
                      <test-suite type="ParameterizedTest" name="ProvidesProperFailureMessage" executed="True" result="Success" success="True" time="0.000" asserts="0">
                        <results>
                          <test-case name="NUnit.Framework.Constraints.EmptyConstraintTest.ProvidesProperFailureMessage(&quot;Hello&quot;,&quot;\&quot;Hello\&quot;&quot;)" executed="True" result="Success" success="True" time="0.000" asserts="1" />
                          <test-case name="NUnit.Framework.Constraints.EmptyConstraintTest.ProvidesProperFailureMessage(System.Object[],&quot;&lt; 1, 2, 3 &gt;&quot;)" executed="True" result="Success" success="True" time="0.000" asserts="1" />
                        </results>
                      </test-suite>
                      <test-suite type="ParameterizedTest" name="SucceedsWithGoodValues" executed="True" result="Success" success="True" time="0.000" asserts="0">
                        <results>
                          <test-case name="NUnit.Framework.Constraints.EmptyConstraintTest.SucceedsWithGoodValues(&quot;&quot;)" executed="True" result="Success" success="True" time="0.000" asserts="1" />
                          <test-case name="NUnit.Framework.Constraints.EmptyConstraintTest.SucceedsWithGoodValues(System.Object[])" executed="True" result="Success" success="True" time="0.000" asserts="1" />
                          <test-case name="NUnit.Framework.Constraints.EmptyConstraintTest.SucceedsWithGoodValues(System.Collections.ArrayList)" executed="True" result="Success" success="True" time="0.000" asserts="1" />
                          <test-case name="NUnit.Framework.Constraints.EmptyConstraintTest.SucceedsWithGoodValues(System.Collections.Generic.List`1[System.Int32])" executed="True" result="Success" success="True" time="0.000" asserts="1" />
                        </results>
                      </test-suite>
                    </results>
                  </test-suite>
                  <test-suite type="TestFixture" name="EndsWithTest" executed="True" result="Success" success="True" time="0.016" asserts="0">
                    <results>
                      <test-case name="NUnit.Framework.Constraints.EndsWithTest.ConstraintTestBaseNoData.ProvidesProperDescription" executed="True" result="Success" success="True" time="0.000" asserts="1" />
                      <test-case name="NUnit.Framework.Constraints.EndsWithTest.ConstraintTestBaseNoData.ProvidesProperStringRepresentation" executed="True" result="Success" success="True" time="0.000" asserts="1" />
                      <test-suite type="ParameterizedTest" name="FailsWithBadValues" executed="True" result="Success" success="True" time="0.000" asserts="0">
                        <results>
                          <test-case name="NUnit.Framework.Constraints.EndsWithTest.FailsWithBadValues(&quot;goodbye&quot;)" executed="True" result="Success" success="True" time="0.000" asserts="1" />
                          <test-case name="NUnit.Framework.Constraints.EndsWithTest.FailsWithBadValues(&quot;What the hell?&quot;)" executed="True" result="Success" success="True" time="0.000" asserts="1" />
                          <test-case name="NUnit.Framework.Constraints.EndsWithTest.FailsWithBadValues(&quot;hello there&quot;)" executed="True" result="Success" success="True" time="0.000" asserts="1" />
                          <test-case name="NUnit.Framework.Constraints.EndsWithTest.FailsWithBadValues(&quot;say hello to fred&quot;)" executed="True" result="Success" success="True" time="0.000" asserts="1" />
                          <test-case name="NUnit.Framework.Constraints.EndsWithTest.FailsWithBadValues(&quot;&quot;)" executed="True" result="Success" success="True" time="0.000" asserts="1" />
                          <test-case name="NUnit.Framework.Constraints.EndsWithTest.FailsWithBadValues(null)" executed="True" result="Success" success="True" time="0.000" asserts="1" />
                        </results>
                      </test-suite>
                      <test-suite type="ParameterizedTest" name="ProvidesProperFailureMessage" executed="True" result="Success" success="True" time="0.016" asserts="0">
                        <results>
                          <test-case name="NUnit.Framework.Constraints.EndsWithTest.ProvidesProperFailureMessage(&quot;goodbye&quot;,&quot;\&quot;goodbye\&quot;&quot;)" executed="True" result="Success" success="True" time="0.000" asserts="1" />
                          <test-case name="NUnit.Framework.Constraints.EndsWithTest.ProvidesProperFailureMessage(&quot;What the hell?&quot;,&quot;\&quot;What the hell?\&quot;&quot;)" executed="True" result="Success" success="True" time="0.000" asserts="1" />
                          <test-case name="NUnit.Framework.Constraints.EndsWithTest.ProvidesProperFailureMessage(&quot;hello there&quot;,&quot;\&quot;hello there\&quot;&quot;)" executed="True" result="Success" success="True" time="0.000" asserts="1" />
                          <test-case name="NUnit.Framework.Constraints.EndsWithTest.ProvidesProperFailureMessage(&quot;say hello to fred&quot;,&quot;\&quot;say hello to fred\&quot;&quot;)" executed="True" result="Success" success="True" time="0.000" asserts="1" />
                          <test-case name="NUnit.Framework.Constraints.EndsWithTest.ProvidesProperFailureMessage(&quot;&quot;,&quot;&lt;string.Empty&gt;&quot;)" executed="True" result="Success" success="True" time="0.000" asserts="1" />
                          <test-case name="NUnit.Framework.Constraints.EndsWithTest.ProvidesProperFailureMessage(null,&quot;null&quot;)" executed="True" result="Success" success="True" time="0.000" asserts="1" />
                        </results>
                      </test-suite>
                      <test-suite type="ParameterizedTest" name="SucceedsWithGoodValues" executed="True" result="Success" success="True" time="0.000" asserts="0">
                        <results>
                          <test-case name="NUnit.Framework.Constraints.EndsWithTest.SucceedsWithGoodValues(&quot;hello&quot;)" executed="True" result="Success" success="True" time="0.000" asserts="1" />
                          <test-case name="NUnit.Framework.Constraints.EndsWithTest.SucceedsWithGoodValues(&quot;I said hello&quot;)" executed="True" result="Success" success="True" time="0.000" asserts="1" />
                        </results>
                      </test-suite>
                    </results>
                  </test-suite>
                  <test-suite type="TestFixture" name="EndsWithTestIgnoringCase" executed="True" result="Success" success="True" time="0.016" asserts="0">
                    <results>
                      <test-case name="NUnit.Framework.Constraints.EndsWithTestIgnoringCase.ConstraintTestBaseNoData.ProvidesProperDescription" executed="True" result="Success" success="True" time="0.000" asserts="1" />
                      <test-case name="NUnit.Framework.Constraints.EndsWithTestIgnoringCase.ConstraintTestBaseNoData.ProvidesProperStringRepresentation" executed="True" result="Success" success="True" time="0.000" asserts="1" />
                      <test-suite type="ParameterizedTest" name="FailsWithBadValues" executed="True" result="Success" success="True" time="0.016" asserts="0">
                        <results>
                          <test-case name="NUnit.Framework.Constraints.EndsWithTestIgnoringCase.FailsWithBadValues(&quot;goodbye&quot;)" executed="True" result="Success" success="True" time="0.000" asserts="1" />
                          <test-case name="NUnit.Framework.Constraints.EndsWithTestIgnoringCase.FailsWithBadValues(&quot;What the hell?&quot;)" executed="True" result="Success" success="True" time="0.000" asserts="1" />
                          <test-case name="NUnit.Framework.Constraints.EndsWithTestIgnoringCase.FailsWithBadValues(&quot;hello there&quot;)" executed="True" result="Success" success="True" time="0.000" asserts="1" />
                          <test-case name="NUnit.Framework.Constraints.EndsWithTestIgnoringCase.FailsWithBadValues(&quot;say hello to fred&quot;)" executed="True" result="Success" success="True" time="0.000" asserts="1" />
                          <test-case name="NUnit.Framework.Constraints.EndsWithTestIgnoringCase.FailsWithBadValues(&quot;&quot;)" executed="True" result="Success" success="True" time="0.000" asserts="1" />
                          <test-case name="NUnit.Framework.Constraints.EndsWithTestIgnoringCase.FailsWithBadValues(null)" executed="True" result="Success" success="True" time="0.000" asserts="1" />
                        </results>
                      </test-suite>
                      <test-suite type="ParameterizedTest" name="ProvidesProperFailureMessage" executed="True" result="Success" success="True" time="0.000" asserts="0">
                        <results>
                          <test-case name="NUnit.Framework.Constraints.EndsWithTestIgnoringCase.ProvidesProperFailureMessage(&quot;goodbye&quot;,&quot;\&quot;goodbye\&quot;&quot;)" executed="True" result="Success" success="True" time="0.000" asserts="1" />
                          <test-case name="NUnit.Framework.Constraints.EndsWithTestIgnoringCase.ProvidesProperFailureMessage(&quot;What the hell?&quot;,&quot;\&quot;What the hell?\&quot;&quot;)" executed="True" result="Success" success="True" time="0.000" asserts="1" />
                          <test-case name="NUnit.Framework.Constraints.EndsWithTestIgnoringCase.ProvidesProperFailureMessage(&quot;hello there&quot;,&quot;\&quot;hello there\&quot;&quot;)" executed="True" result="Success" success="True" time="0.000" asserts="1" />
                          <test-case name="NUnit.Framework.Constraints.EndsWithTestIgnoringCase.ProvidesProperFailureMessage(&quot;say hello to fred&quot;,&quot;\&quot;say hello to fred\&quot;&quot;)" executed="True" result="Success" success="True" time="0.000" asserts="1" />
                          <test-case name="NUnit.Framework.Constraints.EndsWithTestIgnoringCase.ProvidesProperFailureMessage(&quot;&quot;,&quot;&lt;string.Empty&gt;&quot;)" executed="True" result="Success" success="True" time="0.000" asserts="1" />
                          <test-case name="NUnit.Framework.Constraints.EndsWithTestIgnoringCase.ProvidesProperFailureMessage(null,&quot;null&quot;)" executed="True" result="Success" success="True" time="0.000" asserts="1" />
                        </results>
                      </test-suite>
                      <test-suite type="ParameterizedTest" name="SucceedsWithGoodValues" executed="True" result="Success" success="True" time="0.000" asserts="0">
                        <results>
                          <test-case name="NUnit.Framework.Constraints.EndsWithTestIgnoringCase.SucceedsWithGoodValues(&quot;HELLO&quot;)" executed="True" result="Success" success="True" time="0.000" asserts="1" />
                          <test-case name="NUnit.Framework.Constraints.EndsWithTestIgnoringCase.SucceedsWithGoodValues(&quot;I said Hello&quot;)" executed="True" result="Success" success="True" time="0.000" asserts="1" />
                        </results>
                      </test-suite>
                    </results>
                  </test-suite>
                  <test-suite type="TestFixture" name="EqualConstraintTest" executed="True" result="Success" success="True" time="0.109" asserts="0">
                    <results>
                      <test-case name="NUnit.Framework.Constraints.EqualConstraintTest.CanMatchDates" executed="True" result="Success" success="True" time="0.000" asserts="1" />
                      <test-case name="NUnit.Framework.Constraints.EqualConstraintTest.CanMatchDatesWithinDays" executed="True" result="Success" success="True" time="0.000" asserts="1" />
                      <test-case name="NUnit.Framework.Constraints.EqualConstraintTest.CanMatchDatesWithinHours" executed="True" result="Success" success="True" time="0.000" asserts="1" />
                      <test-case name="NUnit.Framework.Constraints.EqualConstraintTest.CanMatchDatesWithinMilliseconds" executed="True" result="Success" success="True" time="0.000" asserts="1" />
                      <test-case name="NUnit.Framework.Constraints.EqualConstraintTest.CanMatchDatesWithinMinutes" executed="True" result="Success" success="True" time="0.000" asserts="1" />
                      <test-case name="NUnit.Framework.Constraints.EqualConstraintTest.CanMatchDatesWithinSeconds" executed="True" result="Success" success="True" time="0.000" asserts="1" />
                      <test-case name="NUnit.Framework.Constraints.EqualConstraintTest.CanMatchDatesWithinTicks" executed="True" result="Success" success="True" time="0.016" asserts="1" />
                      <test-case name="NUnit.Framework.Constraints.EqualConstraintTest.CanMatchDatesWithinTimeSpan" executed="True" result="Success" success="True" time="0.000" asserts="1" />
                      <test-suite type="ParameterizedTest" name="CanMatchDoublesWithRelativeTolerance" executed="True" result="Success" success="True" time="0.000" asserts="0">
                        <results>
                          <test-case name="NUnit.Framework.Constraints.EqualConstraintTest.CanMatchDoublesWithRelativeTolerance(9500.0d)" executed="True" result="Success" success="True" time="0.000" asserts="2" />
                          <test-case name="NUnit.Framework.Constraints.EqualConstraintTest.CanMatchDoublesWithRelativeTolerance(10000.0d)" executed="True" result="Success" success="True" time="0.000" asserts="2" />
                          <test-case name="NUnit.Framework.Constraints.EqualConstraintTest.CanMatchDoublesWithRelativeTolerance(10500.0d)" executed="True" result="Success" success="True" time="0.000" asserts="2" />
                        </results>
                      </test-suite>
                      <test-suite type="ParameterizedTest" name="CanMatchDoublesWithUlpTolerance" executed="True" result="Success" success="True" time="0.000" asserts="0">
                        <results>
                          <test-case name="NUnit.Framework.Constraints.EqualConstraintTest.CanMatchDoublesWithUlpTolerance(2E+16.0d)" executed="True" result="Success" success="True" time="0.000" asserts="2" />
                          <test-case name="NUnit.Framework.Constraints.EqualConstraintTest.CanMatchDoublesWithUlpTolerance(2E+16.0d)" executed="True" result="Success" success="True" time="0.000" asserts="2" />
                        </results>
                      </test-suite>
                      <test-suite type="ParameterizedTest" name="CanMatchSinglesWithRelativeTolerance" executed="True" result="Success" success="True" time="0.000" asserts="0">
                        <results>
                          <test-case name="NUnit.Framework.Constraints.EqualConstraintTest.CanMatchSinglesWithRelativeTolerance(9500.0f)" executed="True" result="Success" success="True" time="0.000" asserts="2" />
                          <test-case name="NUnit.Framework.Constraints.EqualConstraintTest.CanMatchSinglesWithRelativeTolerance(10500.0f)" executed="True" result="Success" success="True" time="0.000" asserts="2" />
                          <test-case name="NUnit.Framework.Constraints.EqualConstraintTest.CanMatchSinglesWithRelativeTolerance(10000.0f)" executed="True" result="Success" success="True" time="0.000" asserts="2" />
                        </results>
                      </test-suite>
                      <test-suite type="ParameterizedTest" name="CanMatchSinglesWithUlpTolerance" executed="True" result="Success" success="True" time="0.016" asserts="0">
                        <results>
                          <test-case name="NUnit.Framework.Constraints.EqualConstraintTest.CanMatchSinglesWithUlpTolerance(2E+07.0f)" executed="True" result="Success" success="True" time="0.000" asserts="2" />
                          <test-case name="NUnit.Framework.Constraints.EqualConstraintTest.CanMatchSinglesWithUlpTolerance(2E+07.0f)" executed="True" result="Success" success="True" time="0.000" asserts="2" />
                        </results>
                      </test-suite>
                      <test-suite type="ParameterizedTest" name="CanMatchSpecialFloatingPointValues" executed="True" result="Success" success="True" time="0.000" asserts="0">
                        <results>
                          <test-case name="NUnit.Framework.Constraints.EqualConstraintTest.CanMatchSpecialFloatingPointValues(double.PositiveInfinity)" executed="True" result="Success" success="True" time="0.000" asserts="2" />
                          <test-case name="NUnit.Framework.Constraints.EqualConstraintTest.CanMatchSpecialFloatingPointValues(float.NegativeInfinity)" executed="True" result="Success" success="True" time="0.000" asserts="2" />
                          <test-case name="NUnit.Framework.Constraints.EqualConstraintTest.CanMatchSpecialFloatingPointValues(float.PositiveInfinity)" executed="True" result="Success" success="True" time="0.000" asserts="2" />
                          <test-case name="NUnit.Framework.Constraints.EqualConstraintTest.CanMatchSpecialFloatingPointValues(double.NaN)" executed="True" result="Success" success="True" time="0.000" asserts="2" />
                          <test-case name="NUnit.Framework.Constraints.EqualConstraintTest.CanMatchSpecialFloatingPointValues(double.NegativeInfinity)" executed="True" result="Success" success="True" time="0.000" asserts="2" />
                          <test-case name="NUnit.Framework.Constraints.EqualConstraintTest.CanMatchSpecialFloatingPointValues(float.NaN)" executed="True" result="Success" success="True" time="0.000" asserts="2" />
                        </results>
                      </test-suite>
                      <test-case name="NUnit.Framework.Constraints.EqualConstraintTest.CanMatchTimeSpanWithinMinutes" executed="True" result="Success" success="True" time="0.000" asserts="1" />
                      <test-case name="NUnit.Framework.Constraints.EqualConstraintTest.ConstraintTestBaseNoData.ProvidesProperDescription" executed="True" result="Success" success="True" time="0.000" asserts="1" />
                      <test-case name="NUnit.Framework.Constraints.EqualConstraintTest.ConstraintTestBaseNoData.ProvidesProperStringRepresentation" executed="True" result="Success" success="True" time="0.000" asserts="1" />
                      <test-case name="NUnit.Framework.Constraints.EqualConstraintTest.ErrorIfDaysPrecedesWithin" executed="True" result="Success" success="True" time="0.000" asserts="0" />
                      <test-case name="NUnit.Framework.Constraints.EqualConstraintTest.ErrorIfHoursPrecedesWithin" executed="True" result="Success" success="True" time="0.000" asserts="0" />
                      <test-case name="NUnit.Framework.Constraints.EqualConstraintTest.ErrorIfMillisecondsPrecedesWithin" executed="True" result="Success" success="True" time="0.000" asserts="0" />
                      <test-case name="NUnit.Framework.Constraints.EqualConstraintTest.ErrorIfMinutesPrecedesWithin" executed="True" result="Success" success="True" time="0.000" asserts="0" />
                      <test-case name="NUnit.Framework.Constraints.EqualConstraintTest.ErrorIfPercentPrecedesWithin" executed="True" result="Success" success="True" time="0.000" asserts="0" />
                      <test-case name="NUnit.Framework.Constraints.EqualConstraintTest.ErrorIfSecondsPrecedesWithin" executed="True" result="Success" success="True" time="0.000" asserts="0" />
                      <test-case name="NUnit.Framework.Constraints.EqualConstraintTest.ErrorIfTicksPrecedesWithin" executed="True" result="Success" success="True" time="0.000" asserts="0" />
                      <test-case name="NUnit.Framework.Constraints.EqualConstraintTest.ErrorIfUlpsIsUsedOnDecimal" executed="True" result="Success" success="True" time="0.000" asserts="1" />
                      <test-suite type="ParameterizedTest" name="ErrorIfUlpsIsUsedOnIntegralType" executed="True" result="Success" success="True" time="0.016" asserts="0">
                        <results>
                          <test-case name="NUnit.Framework.Constraints.EqualConstraintTest.ErrorIfUlpsIsUsedOnIntegralType(1000)" executed="True" result="Success" success="True" time="0.000" asserts="1" />
                          <test-case name="NUnit.Framework.Constraints.EqualConstraintTest.ErrorIfUlpsIsUsedOnIntegralType(1000)" executed="True" result="Success" success="True" time="0.000" asserts="1" />
                          <test-case name="NUnit.Framework.Constraints.EqualConstraintTest.ErrorIfUlpsIsUsedOnIntegralType(1000L)" executed="True" result="Success" success="True" time="0.000" asserts="1" />
                          <test-case name="NUnit.Framework.Constraints.EqualConstraintTest.ErrorIfUlpsIsUsedOnIntegralType(1000UL)" executed="True" result="Success" success="True" time="0.000" asserts="1" />
                        </results>
                      </test-suite>
                      <test-case name="NUnit.Framework.Constraints.EqualConstraintTest.ErrorIfUlpsPrecedesWithin" executed="True" result="Success" success="True" time="0.000" asserts="0" />
                      <test-case name="NUnit.Framework.Constraints.EqualConstraintTest.ErrorWithPercentAndUlpsToleranceModes" executed="True" result="Success" success="True" time="0.000" asserts="0" />
                      <test-case name="NUnit.Framework.Constraints.EqualConstraintTest.ErrorWithUlpsAndPercentToleranceModes" executed="True" result="Success" success="True" time="0.000" asserts="0" />
                      <test-suite type="ParameterizedTest" name="FailsOnDoublesOutsideOfRelativeTolerance" executed="True" result="Success" success="True" time="0.000" asserts="0">
                        <results>
                          <test-case name="NUnit.Framework.Constraints.EqualConstraintTest.FailsOnDoublesOutsideOfRelativeTolerance(8500.0d)" executed="True" result="Success" success="True" time="0.000" asserts="1" />
                          <test-case name="NUnit.Framework.Constraints.EqualConstraintTest.FailsOnDoublesOutsideOfRelativeTolerance(11500.0d)" executed="True" result="Success" success="True" time="0.000" asserts="1" />
                        </results>
                      </test-suite>
                      <test-suite type="ParameterizedTest" name="FailsOnDoublesOutsideOfUlpTolerance" executed="True" result="Success" success="True" time="0.000" asserts="0">
                        <results>
                          <test-case name="NUnit.Framework.Constraints.EqualConstraintTest.FailsOnDoublesOutsideOfUlpTolerance(2E+16.0d)" executed="True" result="Success" success="True" time="0.000" asserts="1" />
                          <test-case name="NUnit.Framework.Constraints.EqualConstraintTest.FailsOnDoublesOutsideOfUlpTolerance(2E+16.0d)" executed="True" result="Success" success="True" time="0.000" asserts="1" />
                        </results>
                      </test-suite>
                      <test-suite type="ParameterizedTest" name="FailsOnSinglesOutsideOfRelativeTolerance" executed="True" result="Success" success="True" time="0.016" asserts="0">
                        <results>
                          <test-case name="NUnit.Framework.Constraints.EqualConstraintTest.FailsOnSinglesOutsideOfRelativeTolerance(8500.0f)" executed="True" result="Success" success="True" time="0.000" asserts="1" />
                          <test-case name="NUnit.Framework.Constraints.EqualConstraintTest.FailsOnSinglesOutsideOfRelativeTolerance(11500.0f)" executed="True" result="Success" success="True" time="0.000" asserts="1" />
                        </results>
                      </test-suite>
                      <test-suite type="ParameterizedTest" name="FailsOnSinglesOutsideOfUlpTolerance" executed="True" result="Success" success="True" time="0.000" asserts="0">
                        <results>
                          <test-case name="NUnit.Framework.Constraints.EqualConstraintTest.FailsOnSinglesOutsideOfUlpTolerance(2E+07.0f)" executed="True" result="Success" success="True" time="0.000" asserts="1" />
                          <test-case name="NUnit.Framework.Constraints.EqualConstraintTest.FailsOnSinglesOutsideOfUlpTolerance(2E+07.0f)" executed="True" result="Success" success="True" time="0.000" asserts="1" />
                        </results>
                      </test-suite>
                      <test-suite type="ParameterizedTest" name="FailsWithBadValues" executed="True" result="Success" success="True" time="0.000" asserts="0">
                        <results>
                          <test-case name="NUnit.Framework.Constraints.EqualConstraintTest.FailsWithBadValues(5)" executed="True" result="Success" success="True" time="0.000" asserts="1" />
                          <test-case name="NUnit.Framework.Constraints.EqualConstraintTest.FailsWithBadValues(null)" executed="True" result="Success" success="True" time="0.000" asserts="1" />
                          <test-case name="NUnit.Framework.Constraints.EqualConstraintTest.FailsWithBadValues(&quot;Hello&quot;)" executed="True" result="Success" success="True" time="0.000" asserts="1" />
                          <test-case name="NUnit.Framework.Constraints.EqualConstraintTest.FailsWithBadValues(double.NaN)" executed="True" result="Success" success="True" time="0.000" asserts="1" />
                          <test-case name="NUnit.Framework.Constraints.EqualConstraintTest.FailsWithBadValues(double.PositiveInfinity)" executed="True" result="Success" success="True" time="0.000" asserts="1" />
                        </results>
                      </test-suite>
                      <test-suite type="ParameterizedTest" name="ProvidesProperFailureMessage" executed="True" result="Success" success="True" time="0.016" asserts="0">
                        <results>
                          <test-case name="NUnit.Framework.Constraints.EqualConstraintTest.ProvidesProperFailureMessage(5,&quot;5&quot;)" executed="True" result="Success" success="True" time="0.000" asserts="1" />
                          <test-case name="NUnit.Framework.Constraints.EqualConstraintTest.ProvidesProperFailureMessage(null,&quot;null&quot;)" executed="True" result="Success" success="True" time="0.016" asserts="1" />
                          <test-case name="NUnit.Framework.Constraints.EqualConstraintTest.ProvidesProperFailureMessage(&quot;Hello&quot;,&quot;\&quot;Hello\&quot;&quot;)" executed="True" result="Success" success="True" time="0.000" asserts="1" />
                          <test-case name="NUnit.Framework.Constraints.EqualConstraintTest.ProvidesProperFailureMessage(double.NaN,&quot;NaN&quot;)" executed="True" result="Success" success="True" time="0.000" asserts="1" />
                          <test-case name="NUnit.Framework.Constraints.EqualConstraintTest.ProvidesProperFailureMessage(double.PositiveInfinity,&quot;Infinity&quot;)" executed="True" result="Success" success="True" time="0.000" asserts="1" />
                        </results>
                      </test-suite>
                      <test-suite type="ParameterizedTest" name="SucceedsWithGoodValues" executed="True" result="Success" success="True" time="0.000" asserts="0">
                        <results>
                          <test-case name="NUnit.Framework.Constraints.EqualConstraintTest.SucceedsWithGoodValues(4)" executed="True" result="Success" success="True" time="0.000" asserts="1" />
                          <test-case name="NUnit.Framework.Constraints.EqualConstraintTest.SucceedsWithGoodValues(4.0f)" executed="True" result="Success" success="True" time="0.000" asserts="1" />
                          <test-case name="NUnit.Framework.Constraints.EqualConstraintTest.SucceedsWithGoodValues(4.0d)" executed="True" result="Success" success="True" time="0.000" asserts="1" />
                          <test-case name="NUnit.Framework.Constraints.EqualConstraintTest.SucceedsWithGoodValues(4.0000m)" executed="True" result="Success" success="True" time="0.000" asserts="1" />
                        </results>
                      </test-suite>
                      <test-case name="NUnit.Framework.Constraints.EqualConstraintTest.UsesProvidedComparerOfT" executed="True" result="Success" success="True" time="0.016" asserts="2" />
                      <test-case name="NUnit.Framework.Constraints.EqualConstraintTest.UsesProvidedComparisonOfT" executed="True" result="Success" success="True" time="0.000" asserts="2" />
                      <test-case name="NUnit.Framework.Constraints.EqualConstraintTest.UsesProvidedEqualityComparer" executed="True" result="Success" success="True" time="0.000" asserts="2" />
                      <test-case name="NUnit.Framework.Constraints.EqualConstraintTest.UsesProvidedEqualityComparerOfT" executed="True" result="Success" success="True" time="0.000" asserts="2" />
                      <test-case name="NUnit.Framework.Constraints.EqualConstraintTest.UsesProvidedIComparer" executed="True" result="Success" success="True" time="0.000" asserts="2" />
                    </results>
                  </test-suite>
                  <test-suite type="TestFixture" name="EqualTest" executed="True" result="Success" success="True" time="0.000" asserts="0">
                    <results>
                      <test-case name="NUnit.Framework.Constraints.EqualTest.FailedStringMatchShowsFailurePosition" executed="True" result="Success" success="True" time="0.000" asserts="2" />
                      <test-case name="NUnit.Framework.Constraints.EqualTest.LongStringsAreTruncated" executed="True" result="Success" success="True" time="0.000" asserts="2" />
                      <test-case name="NUnit.Framework.Constraints.EqualTest.LongStringsAreTruncatedAtBothEndsIfNecessary" executed="True" result="Success" success="True" time="0.000" asserts="2" />
                      <test-case name="NUnit.Framework.Constraints.EqualTest.LongStringsAreTruncatedAtFrontEndIfNecessary" executed="True" result="Success" success="True" time="0.000" asserts="2" />
                      <test-case name="NUnit.Framework.Constraints.EqualTest.TestPropertyWithPrivateSetter" executed="True" result="Success" success="True" time="0.000" asserts="1" />
                    </results>
                  </test-suite>
                  <test-suite type="TestFixture" name="ExactTypeTest" executed="True" result="Success" success="True" time="0.016" asserts="0">
                    <results>
                      <test-case name="NUnit.Framework.Constraints.ExactTypeTest.ConstraintTestBaseNoData.ProvidesProperDescription" executed="True" result="Success" success="True" time="0.000" asserts="1" />
                      <test-case name="NUnit.Framework.Constraints.ExactTypeTest.ConstraintTestBaseNoData.ProvidesProperStringRepresentation" executed="True" result="Success" success="True" time="0.000" asserts="1" />
                      <test-suite type="ParameterizedTest" name="FailsWithBadValues" executed="True" result="Success" success="True" time="0.016" asserts="0">
                        <results>
                          <test-case name="NUnit.Framework.Constraints.ExactTypeTest.FailsWithBadValues(NUnit.Framework.Constraints.B)" executed="True" result="Success" success="True" time="0.000" asserts="1" />
                          <test-case name="NUnit.Framework.Constraints.ExactTypeTest.FailsWithBadValues(NUnit.Framework.Constraints.D2)" executed="True" result="Success" success="True" time="0.000" asserts="1" />
                        </results>
                      </test-suite>
                      <test-suite type="ParameterizedTest" name="ProvidesProperFailureMessage" executed="True" result="Success" success="True" time="0.000" asserts="0">
                        <results>
                          <test-case name="NUnit.Framework.Constraints.ExactTypeTest.ProvidesProperFailureMessage(NUnit.Framework.Constraints.B,&quot;&lt;NUnit.Framework.Constraints.B&gt;&quot;)" executed="True" result="Success" success="True" time="0.000" asserts="1" />
                          <test-case name="NUnit.Framework.Constraints.ExactTypeTest.ProvidesProperFailureMessage(NUnit.Framework.Constraints.D2,&quot;&lt;NUnit.Framework.Constraints.D2&gt;&quot;)" executed="True" result="Success" success="True" time="0.000" asserts="1" />
                        </results>
                      </test-suite>
                      <test-suite type="ParameterizedTest" name="SucceedsWithGoodValues" executed="True" result="Success" success="True" time="0.000" asserts="0">
                        <results>
                          <test-case name="NUnit.Framework.Constraints.ExactTypeTest.SucceedsWithGoodValues(NUnit.Framework.Constraints.D1)" executed="True" result="Success" success="True" time="0.000" asserts="1" />
                        </results>
                      </test-suite>
                    </results>
                  </test-suite>
                  <test-suite type="TestFixture" name="FalseConstraintTest" executed="True" result="Success" success="True" time="0.016" asserts="0">
                    <results>
                      <test-case name="NUnit.Framework.Constraints.FalseConstraintTest.ConstraintTestBaseNoData.ProvidesProperDescription" executed="True" result="Success" success="True" time="0.000" asserts="1" />
                      <test-case name="NUnit.Framework.Constraints.FalseConstraintTest.ConstraintTestBaseNoData.ProvidesProperStringRepresentation" executed="True" result="Success" success="True" time="0.000" asserts="1" />
                      <test-suite type="ParameterizedTest" name="FailsWithBadValues" executed="True" result="Success" success="True" time="0.016" asserts="0">
                        <results>
                          <test-case name="NUnit.Framework.Constraints.FalseConstraintTest.FailsWithBadValues(null)" executed="True" result="Success" success="True" time="0.000" asserts="1" />
                          <test-case name="NUnit.Framework.Constraints.FalseConstraintTest.FailsWithBadValues(&quot;hello&quot;)" executed="True" result="Success" success="True" time="0.000" asserts="1" />
                          <test-case name="NUnit.Framework.Constraints.FalseConstraintTest.FailsWithBadValues(True)" executed="True" result="Success" success="True" time="0.000" asserts="1" />
                          <test-case name="NUnit.Framework.Constraints.FalseConstraintTest.FailsWithBadValues(True)" executed="True" result="Success" success="True" time="0.000" asserts="1" />
                        </results>
                      </test-suite>
                      <test-suite type="ParameterizedTest" name="ProvidesProperFailureMessage" executed="True" result="Success" success="True" time="0.000" asserts="0">
                        <results>
                          <test-case name="NUnit.Framework.Constraints.FalseConstraintTest.ProvidesProperFailureMessage(null,&quot;null&quot;)" executed="True" result="Success" success="True" time="0.000" asserts="1" />
                          <test-case name="NUnit.Framework.Constraints.FalseConstraintTest.ProvidesProperFailureMessage(&quot;hello&quot;,&quot;\&quot;hello\&quot;&quot;)" executed="True" result="Success" success="True" time="0.000" asserts="1" />
                          <test-case name="NUnit.Framework.Constraints.FalseConstraintTest.ProvidesProperFailureMessage(True,&quot;True&quot;)" executed="True" result="Success" success="True" time="0.000" asserts="1" />
                          <test-case name="NUnit.Framework.Constraints.FalseConstraintTest.ProvidesProperFailureMessage(True,&quot;True&quot;)" executed="True" result="Success" success="True" time="0.000" asserts="1" />
                        </results>
                      </test-suite>
                      <test-suite type="ParameterizedTest" name="SucceedsWithGoodValues" executed="True" result="Success" success="True" time="0.000" asserts="0">
                        <results>
                          <test-case name="NUnit.Framework.Constraints.FalseConstraintTest.SucceedsWithGoodValues(False)" executed="True" result="Success" success="True" time="0.000" asserts="1" />
                          <test-case name="NUnit.Framework.Constraints.FalseConstraintTest.SucceedsWithGoodValues(False)" executed="True" result="Success" success="True" time="0.000" asserts="1" />
                        </results>
                      </test-suite>
                    </results>
                  </test-suite>
                  <test-suite type="TestFixture" name="FloatingPointNumericsTest" executed="True" result="Success" success="True" time="0.016" asserts="0">
                    <results>
                      <test-case name="NUnit.Framework.Constraints.FloatingPointNumericsTest.DoubleEqualityWithUlps" executed="True" result="Success" success="True" time="0.000" asserts="4" />
                      <test-case name="NUnit.Framework.Constraints.FloatingPointNumericsTest.FloatEqualityWithUlps" executed="True" result="Success" success="True" time="0.000" asserts="4" />
                      <test-case name="NUnit.Framework.Constraints.FloatingPointNumericsTest.MirroredDoubleReinterpretation" executed="True" result="Success" success="True" time="0.000" asserts="1" />
                      <test-case name="NUnit.Framework.Constraints.FloatingPointNumericsTest.MirroredFloatReinterpretation" executed="True" result="Success" success="True" time="0.000" asserts="1" />
                      <test-case name="NUnit.Framework.Constraints.FloatingPointNumericsTest.MirroredIntegerReinterpretation" executed="True" result="Success" success="True" time="0.000" asserts="1" />
                      <test-case name="NUnit.Framework.Constraints.FloatingPointNumericsTest.MirroredLongReinterpretation" executed="True" result="Success" success="True" time="0.000" asserts="1" />
                    </results>
                  </test-suite>
                  <test-suite type="TestFixture" name="GreaterThanOrEqualTest" executed="True" result="Success" success="True" time="0.016" asserts="0">
                    <results>
                      <test-case name="NUnit.Framework.Constraints.GreaterThanOrEqualTest.CanCompareIComparables" executed="True" result="Success" success="True" time="0.000" asserts="1" />
                      <test-case name="NUnit.Framework.Constraints.GreaterThanOrEqualTest.CanCompareIComparablesOfT" executed="True" result="Success" success="True" time="0.000" asserts="1" />
                      <test-case name="NUnit.Framework.Constraints.GreaterThanOrEqualTest.ComparisonConstraintTest.UsesProvidedComparerOfT" executed="True" result="Success" success="True" time="0.000" asserts="1" />
                      <test-case name="NUnit.Framework.Constraints.GreaterThanOrEqualTest.ComparisonConstraintTest.UsesProvidedComparisonOfT" executed="True" result="Success" success="True" time="0.000" asserts="1" />
                      <test-case name="NUnit.Framework.Constraints.GreaterThanOrEqualTest.ComparisonConstraintTest.UsesProvidedIComparer" executed="True" result="Success" success="True" time="0.016" asserts="1" />
                      <test-case name="NUnit.Framework.Constraints.GreaterThanOrEqualTest.ConstraintTestBaseNoData.ProvidesProperDescription" executed="True" result="Success" success="True" time="0.000" asserts="1" />
                      <test-case name="NUnit.Framework.Constraints.GreaterThanOrEqualTest.ConstraintTestBaseNoData.ProvidesProperStringRepresentation" executed="True" result="Success" success="True" time="0.000" asserts="1" />
                      <test-suite type="ParameterizedTest" name="FailsWithBadValues" executed="True" result="Success" success="True" time="0.000" asserts="0">
                        <results>
                          <test-case name="NUnit.Framework.Constraints.GreaterThanOrEqualTest.FailsWithBadValues(4)" executed="True" result="Success" success="True" time="0.000" asserts="1" />
                        </results>
                      </test-suite>
                      <test-suite type="ParameterizedTest" name="InvalidDataThrowsArgumentException" executed="True" result="Success" success="True" time="0.000" asserts="0">
                        <results>
                          <test-case name="NUnit.Framework.Constraints.GreaterThanOrEqualTest.InvalidDataThrowsArgumentException(null)" executed="True" result="Success" success="True" time="0.000" asserts="0" />
                          <test-case name="NUnit.Framework.Constraints.GreaterThanOrEqualTest.InvalidDataThrowsArgumentException(&quot;xxx&quot;)" executed="True" result="Success" success="True" time="0.000" asserts="0" />
                        </results>
                      </test-suite>
                      <test-suite type="ParameterizedTest" name="ProvidesProperFailureMessage" executed="True" result="Success" success="True" time="0.000" asserts="0">
                        <results>
                          <test-case name="NUnit.Framework.Constraints.GreaterThanOrEqualTest.ProvidesProperFailureMessage(4,&quot;4&quot;)" executed="True" result="Success" success="True" time="0.000" asserts="1" />
                        </results>
                      </test-suite>
                      <test-suite type="ParameterizedTest" name="SucceedsWithGoodValues" executed="True" result="Success" success="True" time="0.000" asserts="0">
                        <results>
                          <test-case name="NUnit.Framework.Constraints.GreaterThanOrEqualTest.SucceedsWithGoodValues(6)" executed="True" result="Success" success="True" time="0.000" asserts="1" />
                          <test-case name="NUnit.Framework.Constraints.GreaterThanOrEqualTest.SucceedsWithGoodValues(5)" executed="True" result="Success" success="True" time="0.000" asserts="1" />
                        </results>
                      </test-suite>
                    </results>
                  </test-suite>
                  <test-suite type="TestFixture" name="GreaterThanTest" executed="True" result="Success" success="True" time="0.016" asserts="0">
                    <results>
                      <test-case name="NUnit.Framework.Constraints.GreaterThanTest.CanCompareIComparables" executed="True" result="Success" success="True" time="0.000" asserts="1" />
                      <test-case name="NUnit.Framework.Constraints.GreaterThanTest.CanCompareIComparablesOfT" executed="True" result="Success" success="True" time="0.000" asserts="1" />
[...]
                      <test-case name="NUnit.Framework.Tests.CollectionAssertTest.AreNotEqual_Fails" executed="True" result="Success" success="True" time="0.000" asserts="2" />
                      <test-case name="NUnit.Framework.Tests.CollectionAssertTest.AreNotEqual_HandlesNull" executed="True" result="Success" success="True" time="0.000" asserts="2" />
                      <test-case name="NUnit.Framework.Tests.CollectionAssertTest.Contains_ICollection" executed="True" result="Success" success="True" time="0.000" asserts="1" />
                      <test-case name="NUnit.Framework.Tests.CollectionAssertTest.Contains_IList" executed="True" result="Success" success="True" time="0.000" asserts="1" />
                      <test-case name="NUnit.Framework.Tests.CollectionAssertTest.ContainsFails_EmptyICollection" executed="True" result="Success" success="True" time="0.000" asserts="2" />
                      <test-case name="NUnit.Framework.Tests.CollectionAssertTest.ContainsFails_EmptyIList" executed="True" result="Success" success="True" time="0.016" asserts="2" />
                      <test-case name="NUnit.Framework.Tests.CollectionAssertTest.ContainsFails_ICollection" executed="True" result="Success" success="True" time="0.000" asserts="2" />
                      <test-case name="NUnit.Framework.Tests.CollectionAssertTest.ContainsFails_ILIst" executed="True" result="Success" success="True" time="0.000" asserts="2" />
                      <test-case name="NUnit.Framework.Tests.CollectionAssertTest.ContainsNull_ICollection" executed="True" result="Success" success="True" time="0.000" asserts="1" />
                      <test-case name="NUnit.Framework.Tests.CollectionAssertTest.ContainsNull_IList" executed="True" result="Success" success="True" time="0.000" asserts="1" />
                      <test-case name="NUnit.Framework.Tests.CollectionAssertTest.DoesNotContain" executed="True" result="Success" success="True" time="0.000" asserts="1" />
                      <test-case name="NUnit.Framework.Tests.CollectionAssertTest.DoesNotContain_Empty" executed="True" result="Success" success="True" time="0.000" asserts="1" />
                      <test-case name="NUnit.Framework.Tests.CollectionAssertTest.DoesNotContain_Fails" executed="True" result="Success" success="True" time="0.000" asserts="2" />
                      <test-case name="NUnit.Framework.Tests.CollectionAssertTest.EnsureComparerIsUsed" executed="True" result="Success" success="True" time="0.000" asserts="1" />
                      <test-case name="NUnit.Framework.Tests.CollectionAssertTest.Equivalent" executed="True" result="Success" success="True" time="0.000" asserts="1" />
                      <test-case name="NUnit.Framework.Tests.CollectionAssertTest.EquivalentFailOne" executed="True" result="Success" success="True" time="0.000" asserts="2" />
                      <test-case name="NUnit.Framework.Tests.CollectionAssertTest.EquivalentFailTwo" executed="True" result="Success" success="True" time="0.000" asserts="2" />
                      <test-case name="NUnit.Framework.Tests.CollectionAssertTest.IsNotSubsetOf" executed="True" result="Success" success="True" time="0.000" asserts="2" />
                      <test-case name="NUnit.Framework.Tests.CollectionAssertTest.IsNotSubsetOf_Fails" executed="True" result="Success" success="True" time="0.000" asserts="2" />
                      <test-case name="NUnit.Framework.Tests.CollectionAssertTest.IsNotSubsetOfHandlesNull" executed="True" result="Success" success="True" time="0.000" asserts="1" />
                      <test-case name="NUnit.Framework.Tests.CollectionAssertTest.IsOrdered" executed="True" result="Success" success="True" time="0.000" asserts="1" />
                      <test-case name="NUnit.Framework.Tests.CollectionAssertTest.IsOrdered_Allows_adjacent_equal_values" executed="True" result="Success" success="True" time="0.000" asserts="1" />
                      <test-case name="NUnit.Framework.Tests.CollectionAssertTest.IsOrdered_ContainedTypesMustBeCompatible" executed="True" result="Success" success="True" time="0.000" asserts="1" />
                      <test-case name="NUnit.Framework.Tests.CollectionAssertTest.IsOrdered_Fails" executed="True" result="Success" success="True" time="0.000" asserts="2" />
                      <test-case name="NUnit.Framework.Tests.CollectionAssertTest.IsOrdered_Handles_custom_comparison" executed="True" result="Success" success="True" time="0.000" asserts="1" />
                      <test-case name="NUnit.Framework.Tests.CollectionAssertTest.IsOrdered_Handles_custom_comparison2" executed="True" result="Success" success="True" time="0.000" asserts="1" />
                      <test-case name="NUnit.Framework.Tests.CollectionAssertTest.IsOrdered_Handles_null" executed="True" result="Success" success="True" time="0.000" asserts="1" />
                      <test-case name="NUnit.Framework.Tests.CollectionAssertTest.IsOrdered_TypesMustImplementIComparable" executed="True" result="Success" success="True" time="0.000" asserts="1" />
                      <test-case name="NUnit.Framework.Tests.CollectionAssertTest.IsSubsetOf" executed="True" result="Success" success="True" time="0.000" asserts="2" />
                      <test-case name="NUnit.Framework.Tests.CollectionAssertTest.IsSubsetOf_Fails" executed="True" result="Success" success="True" time="0.000" asserts="2" />
                      <test-case name="NUnit.Framework.Tests.CollectionAssertTest.IsSubsetOfHandlesNull" executed="True" result="Success" success="True" time="0.000" asserts="2" />
                      <test-case name="NUnit.Framework.Tests.CollectionAssertTest.ItemsNotNull" executed="True" result="Success" success="True" time="0.000" asserts="1" />
                      <test-case name="NUnit.Framework.Tests.CollectionAssertTest.ItemsNotNullFailure" executed="True" result="Success" success="True" time="0.000" asserts="2" />
                      <test-case name="NUnit.Framework.Tests.CollectionAssertTest.ItemsOfType" executed="True" result="Success" success="True" time="0.000" asserts="1" />
                      <test-case name="NUnit.Framework.Tests.CollectionAssertTest.ItemsOfTypeFailure" executed="True" result="Success" success="True" time="0.000" asserts="2" />
                      <test-case name="NUnit.Framework.Tests.CollectionAssertTest.NotEquivalent" executed="True" result="Success" success="True" time="0.000" asserts="1" />
                      <test-case name="NUnit.Framework.Tests.CollectionAssertTest.NotEquivalent_Fails" executed="True" result="Success" success="True" time="0.000" asserts="2" />
                      <test-case name="NUnit.Framework.Tests.CollectionAssertTest.NotEquivalentHandlesNull" executed="True" result="Success" success="True" time="0.000" asserts="1" />
                      <test-case name="NUnit.Framework.Tests.CollectionAssertTest.Unique_WithNull" executed="True" result="Success" success="True" time="0.000" asserts="1" />
                      <test-case name="NUnit.Framework.Tests.CollectionAssertTest.Unique_WithObjects" executed="True" result="Success" success="True" time="0.000" asserts="1" />
                      <test-case name="NUnit.Framework.Tests.CollectionAssertTest.Unique_WithStrings" executed="True" result="Success" success="True" time="0.000" asserts="1" />
                      <test-case name="NUnit.Framework.Tests.CollectionAssertTest.UniqueFailure" executed="True" result="Success" success="True" time="0.016" asserts="2" />
                      <test-case name="NUnit.Framework.Tests.CollectionAssertTest.UniqueFailure_WithTwoNulls" executed="True" result="Success" success="True" time="0.000" asserts="1" />
                    </results>
                  </test-suite>
                  <test-suite type="TestFixture" name="ConditionAssertTests" executed="True" result="Success" success="True" time="0.016" asserts="0">
                    <results>
                      <test-case name="NUnit.Framework.Tests.ConditionAssertTests.IsEmpty" executed="True" result="Success" success="True" time="0.000" asserts="4" />
                      <test-case name="NUnit.Framework.Tests.ConditionAssertTests.IsEmptyFailsOnNonEmptyArray" executed="True" result="Success" success="True" time="0.000" asserts="2" />
                      <test-case name="NUnit.Framework.Tests.ConditionAssertTests.IsEmptyFailsOnNullString" executed="True" result="Success" success="True" time="0.000" asserts="2" />
                      <test-case name="NUnit.Framework.Tests.ConditionAssertTests.IsEmptyFailsOnString" executed="True" result="Success" success="True" time="0.000" asserts="2" />
                      <test-case name="NUnit.Framework.Tests.ConditionAssertTests.IsFalse" executed="True" result="Success" success="True" time="0.000" asserts="1" />
                      <test-case name="NUnit.Framework.Tests.ConditionAssertTests.IsFalseFails" executed="True" result="Success" success="True" time="0.000" asserts="2" />
                      <test-case name="NUnit.Framework.Tests.ConditionAssertTests.IsNaN" executed="True" result="Success" success="True" time="0.016" asserts="1" />
                      <test-case name="NUnit.Framework.Tests.ConditionAssertTests.IsNaNFails" executed="True" result="Success" success="True" time="0.000" asserts="2" />
                      <test-case name="NUnit.Framework.Tests.ConditionAssertTests.IsNotEmpty" executed="True" result="Success" success="True" time="0.000" asserts="4" />
                      <test-case name="NUnit.Framework.Tests.ConditionAssertTests.IsNotEmptyFailsOnEmptyArray" executed="True" result="Success" success="True" time="0.000" asserts="2" />
                      <test-case name="NUnit.Framework.Tests.ConditionAssertTests.IsNotEmptyFailsOnEmptyArrayList" executed="True" result="Success" success="True" time="0.000" asserts="2" />
                      <test-case name="NUnit.Framework.Tests.ConditionAssertTests.IsNotEmptyFailsOnEmptyHashTable" executed="True" result="Success" success="True" time="0.000" asserts="2" />
                      <test-case name="NUnit.Framework.Tests.ConditionAssertTests.IsNotEmptyFailsOnEmptyString" executed="True" result="Success" success="True" time="0.000" asserts="2" />
                      <test-case name="NUnit.Framework.Tests.ConditionAssertTests.IsNotNull" executed="True" result="Success" success="True" time="0.000" asserts="1" />
                      <test-case name="NUnit.Framework.Tests.ConditionAssertTests.IsNotNullFails" executed="True" result="Success" success="True" time="0.000" asserts="2" />
                      <test-case name="NUnit.Framework.Tests.ConditionAssertTests.IsNull" executed="True" result="Success" success="True" time="0.000" asserts="1" />
                      <test-case name="NUnit.Framework.Tests.ConditionAssertTests.IsNullFails" executed="True" result="Success" success="True" time="0.000" asserts="2" />
                      <test-case name="NUnit.Framework.Tests.ConditionAssertTests.IsTrue" executed="True" result="Success" success="True" time="0.000" asserts="1" />
                      <test-case name="NUnit.Framework.Tests.ConditionAssertTests.IsTrueFails" executed="True" result="Success" success="True" time="0.000" asserts="2" />
                    </results>
                  </test-suite>
                  <test-suite type="TestFixture" name="DirectoryAssertTests" executed="False" result="Cancelled">
                    <results>
                      <test-case name="NUnit.Framework.Tests.DirectoryAssertTests.AreEqualFailsWhenOneDoesNotExist" executed="True" result="Success" success="True" time="0.000" asserts="1" />
                      <test-case name="NUnit.Framework.Tests.DirectoryAssertTests.AreEqualFailsWhenOneIsNull" executed="True" result="Success" success="True" time="0.000" asserts="1" />
                      <test-case name="NUnit.Framework.Tests.DirectoryAssertTests.AreEqualFailsWithDirectoryInfos" executed="True" result="Success" success="True" time="0.016" asserts="1" />
                      <test-case name="NUnit.Framework.Tests.DirectoryAssertTests.AreEqualFailsWithStringPath" executed="True" result="Success" success="True" time="0.000" asserts="1" />
                      <test-case name="NUnit.Framework.Tests.DirectoryAssertTests.AreEqualPassesWhenBothAreNull" executed="True" result="Success" success="True" time="0.000" asserts="1" />
                      <test-case name="NUnit.Framework.Tests.DirectoryAssertTests.AreEqualPassesWithDirectoryInfos" executed="True" result="Success" success="True" time="0.000" asserts="1" />
                      <test-case name="NUnit.Framework.Tests.DirectoryAssertTests.AreEqualPassesWithStringPath" executed="True" result="Success" success="True" time="0.000" asserts="1" />
                      <test-case name="NUnit.Framework.Tests.DirectoryAssertTests.AreNotEqualFailsWhenBothAreNull" executed="True" result="Success" success="True" time="0.000" asserts="2" />
                      <test-case name="NUnit.Framework.Tests.DirectoryAssertTests.AreNotEqualFailsWithDirectoryInfos" executed="True" result="Success" success="True" time="0.016" asserts="1" />
                      <test-case name="NUnit.Framework.Tests.DirectoryAssertTests.AreNotEqualFailsWithStringPath" executed="True" result="Success" success="True" time="0.000" asserts="1" />
                      <test-case name="NUnit.Framework.Tests.DirectoryAssertTests.AreNotEqualPassesIfOneIsNull" executed="True" result="Success" success="True" time="0.000" asserts="1" />
                      <test-case name="NUnit.Framework.Tests.DirectoryAssertTests.AreNotEqualPassesWhenOneDoesNotExist" executed="True" result="Success" success="True" time="0.000" asserts="1" />
                      <test-case name="NUnit.Framework.Tests.DirectoryAssertTests.AreNotEqualPassesWithStringPath" executed="True" result="Success" success="True" time="0.016" asserts="1" />
                      <test-case name="NUnit.Framework.Tests.DirectoryAssertTests.IsEmptyFailsWithInvalidDirectory" executed="True" result="Success" success="True" time="0.031" asserts="1" />
                      <test-case name="NUnit.Framework.Tests.DirectoryAssertTests.IsEmptyFailsWithNonEmptyDirectoryUsingDirectoryInfo" executed="True" result="Success" success="True" time="0.000" asserts="1" />
                      <test-case name="NUnit.Framework.Tests.DirectoryAssertTests.IsEmptyFailsWithNonEmptyDirectoryUsingStringPath" executed="True" result="Success" success="True" time="0.000" asserts="1" />
                      <test-case name="NUnit.Framework.Tests.DirectoryAssertTests.IsEmptyPassesWithEmptyDirectoryUsingDirectoryInfo" executed="True" result="Success" success="True" time="0.000" asserts="2" />
                      <test-case name="NUnit.Framework.Tests.DirectoryAssertTests.IsEmptyPassesWithEmptyDirectoryUsingStringPath" executed="True" result="Success" success="True" time="0.016" asserts="1" />
                      <test-case name="NUnit.Framework.Tests.DirectoryAssertTests.IsEmptyThrowsUsingNull" executed="True" result="Success" success="True" time="0.000" asserts="1" />
                      <test-case name="NUnit.Framework.Tests.DirectoryAssertTests.IsNotEmptyFailsWithEmptyDirectoryUsingDirectoryInfo" executed="True" result="Success" success="True" time="0.000" asserts="1" />
                      <test-case name="NUnit.Framework.Tests.DirectoryAssertTests.IsNotEmptyFailsWithEmptyDirectoryUsingStringPath" executed="True" result="Success" success="True" time="0.000" asserts="1" />
                      <test-case name="NUnit.Framework.Tests.DirectoryAssertTests.IsNotEmptyFailsWithInvalidDirectory" executed="True" result="Success" success="True" time="0.000" asserts="1" />
                      <test-case name="NUnit.Framework.Tests.DirectoryAssertTests.IsNotEmptyPassesWithNonEmptyDirectoryUsingDirectoryInfo" executed="True" result="Success" success="True" time="0.000" asserts="2" />
                      <test-case name="NUnit.Framework.Tests.DirectoryAssertTests.IsNotEmptyPassesWithNonEmptyDirectoryUsingStringPath" executed="True" result="Success" success="True" time="0.000" asserts="1" />
                      <test-case name="NUnit.Framework.Tests.DirectoryAssertTests.IsNotEmptyThrowsUsingNull" executed="True" result="Success" success="True" time="0.000" asserts="1" />
                      <test-case name="NUnit.Framework.Tests.DirectoryAssertTests.IsNotWithinFailsWithDirectoryInfo" executed="True" result="Success" success="True" time="0.000" asserts="1" />
                      <test-case name="NUnit.Framework.Tests.DirectoryAssertTests.IsNotWithinFailsWithStringPath" executed="True" result="Success" success="True" time="0.016" asserts="1" />
                      <test-case name="NUnit.Framework.Tests.DirectoryAssertTests.IsNotWithinPassesWhenOutsidePathUsingDirectoryInfo" executed="True" result="Success" success="True" time="0.000" asserts="1" />
                      <test-case name="NUnit.Framework.Tests.DirectoryAssertTests.IsNotWithinPassesWhenOutsidePathUsingStringPath" executed="True" result="Success" success="True" time="0.000" asserts="1" />
                      <test-case name="NUnit.Framework.Tests.DirectoryAssertTests.IsNotWithinThrowsWhenBothAreNull" executed="True" result="Success" success="True" time="0.000" asserts="1" />
                      <test-case name="NUnit.Framework.Tests.DirectoryAssertTests.IsWithinFailsWhenOutsidePathUsingDirectoryInfo" executed="True" result="Success" success="True" time="0.000" asserts="1" />
                      <test-case name="NUnit.Framework.Tests.DirectoryAssertTests.IsWithinFailsWhenOutsidePathUsingStringPath" executed="True" result="Success" success="True" time="0.000" asserts="1" />
                      <test-case name="NUnit.Framework.Tests.DirectoryAssertTests.IsWithinPassesWithDirectoryInfo" executed="True" result="Success" success="True" time="0.016" asserts="1" />
                      <test-case name="NUnit.Framework.Tests.DirectoryAssertTests.IsWithinPassesWithStringPath" executed="True" result="Success" success="True" time="0.000" asserts="1" />
                      <test-case name="NUnit.Framework.Tests.DirectoryAssertTests.IsWithinPassesWithTempPath" executed="False" result="Cancelled">
                        <failure>
                          <message><![CDATA[Test cancelled by user]]></message>
                          <stack-trace><![CDATA[在 System.RuntimeMethodHandle._InvokeMethodFast(Object target, Object[] arguments, SignatureStruct& sig, MethodAttributes methodAttributes, RuntimeTypeHandle typeOwner)
在 System.RuntimeMethodHandle.InvokeMethodFast(Object target, Object[] arguments, Signature sig, MethodAttributes methodAttributes, RuntimeTypeHandle typeOwner)
在 System.Reflection.RuntimeMethodInfo.Invoke(Object obj, BindingFlags invokeAttr, Binder binder, Object[] parameters, CultureInfo culture, Boolean skipVisibilityChecks)
在 System.Reflection.RuntimeMethodInfo.Invoke(Object obj, BindingFlags invokeAttr, Binder binder, Object[] parameters, CultureInfo culture)
在 NUnit.Core.Reflect.InvokeMethod(MethodInfo method, Object fixture, Object[] args)
在 NUnit.Core.TestMethod.RunTestMethod(TestResult testResult)
在 NUnit.Core.TestMethod.doTestCase(TestResult testResult)
]]></stack-trace>
                        </failure>
                      </test-case>
                    </results>
                  </test-suite>
                </results>
              </test-suite>
            </results>
          </test-suite>
        </results>
      </test-suite>
    </results>
  </test-suite>
</test-results>